0 info it worked if it ends with ok
1 verbose cli [ '/usr/bin/nodejs', '/usr/bin/npm', 'run', 'build' ]
2 info using npm@3.5.2
3 info using node@v4.2.6
4 verbose run-script [ 'prebuild', 'build', 'postbuild' ]
5 info lifecycle campaign-buddy@1.0.0~prebuild: campaign-buddy@1.0.0
6 silly lifecycle campaign-buddy@1.0.0~prebuild: no script for prebuild, continuing
7 info lifecycle campaign-buddy@1.0.0~build: campaign-buddy@1.0.0
8 verbose lifecycle campaign-buddy@1.0.0~build: unsafe-perm in lifecycle true
9 verbose lifecycle campaign-buddy@1.0.0~build: PATH: /usr/share/npm/bin/node-gyp-bin:/home/chad/Documents/dnd-webMaster/node_modules/.bin:/usr/local/sbin:/usr/local/bin:/usr/sbin:/usr/bin:/sbin:/bin:/usr/games:/usr/local/games:/snap/bin
10 verbose lifecycle campaign-buddy@1.0.0~build: CWD: /home/chad/Documents/dnd-webMaster
11 silly lifecycle campaign-buddy@1.0.0~build: Args: [ '-c', 'webpack --mode=development' ]
12 info lifecycle campaign-buddy@1.0.0~build: Failed to exec build script
13 verbose stack Error: campaign-buddy@1.0.0 build: `webpack --mode=development`
13 verbose stack spawn ENOENT
13 verbose stack     at ChildProcess.<anonymous> (/usr/share/npm/lib/utils/spawn.js:17:16)
13 verbose stack     at emitTwo (events.js:87:13)
13 verbose stack     at ChildProcess.emit (events.js:172:7)
13 verbose stack     at maybeClose (internal/child_process.js:821:16)
13 verbose stack     at Process.ChildProcess._handle.onexit (internal/child_process.js:211:5)
14 verbose pkgid campaign-buddy@1.0.0
15 verbose cwd /home/chad/Documents/dnd-webMaster
16 error Linux 4.4.0-143-generic
17 error argv "/usr/bin/nodejs" "/usr/bin/npm" "run" "build"
18 error node v4.2.6
19 error npm  v3.5.2
20 error file sh
21 error code ELIFECYCLE
22 error errno ENOENT
23 error syscall spawn
24 error campaign-buddy@1.0.0 build: `webpack --mode=development`
24 error spawn ENOENT
25 error Failed at the campaign-buddy@1.0.0 build script 'webpack --mode=development'.
25 error Make sure you have the latest version of node.js and npm installed.
25 error If you do, this is most likely a problem with the campaign-buddy package,
25 error not with npm itself.
25 error Tell the author that this fails on your system:
25 error     webpack --mode=development
25 error You can get information on how to open an issue for this project with:
25 error     npm bugs campaign-buddy
25 error Or if that isn't available, you can get their info via:
25 error     npm owner ls campaign-buddy
25 error There is likely additional logging output above.
26 verbose exit [ 1, true ]
